2024-11-04 13:16:35,529 [INFO] Activator:176 - 


2024-11-04 13:16:35,529 [INFO] Activator:177 - !SESSION log4j initialized
2024-11-04 13:16:38,867 [INFO] LogOutputStream:77 - [STDOUT_REDIRECT] 
2024-11-04 13:16:39,849 [INFO] ApplicationProperties:184 - Using Application install path: C:\ST\STM32CubeIDE_1.16.1\STM32CubeIDE\plugins\com.st.stm32cube.common.mx_6.12.1.202409122256
2024-11-04 13:16:39,860 [INFO] DbMcusXml:78 - Set database path to: C:\ST\STM32CubeIDE_1.16.1\STM32CubeIDE\plugins\com.st.stm32cube.common.mx_6.12.1.202409122256\\db\/mcu/
2024-11-04 13:16:39,860 [INFO] ApiDb:274 - Set plugin database path to: C:\ST\STM32CubeIDE_1.16.1\STM32CubeIDE\plugins\com.st.stm32cube.common.mx_6.12.1.202409122256\\db\/plugins/boardmanager/
2024-11-04 13:16:39,860 [WARN] ApiDb:259 - Overriding images path with different value:  => C:\ST\STM32CubeIDE_1.16.1\STM32CubeIDE\plugins\com.st.stm32cube.common.mx_6.12.1.202409122256\\db\/plugins/mcufinder/images/
2024-11-04 13:16:39,865 [INFO] ApiDb:250 - Set database path to: C:\Users\C837269287\.stmcufinder\plugins\mcufinder//mcu/
2024-11-04 13:16:39,866 [INFO] DbMcusAds:125 - Set database path to: C:\Users\C837269287\.stmcufinder\plugins\mcufinder//mcu/
2024-11-04 13:16:39,867 [INFO] CrossReferenceDbSqlite:203 - Set database path to: C:\Users\C837269287\.stmcufinder\plugins\mcufinder//mcu/cs/
2024-11-04 13:16:39,931 [INFO] RulesReader:64 - Compatibility file has been processed (297 Rules)
2024-11-04 13:16:39,981 [INFO] DbMcusXml:78 - Set database path to: C:\ST\STM32CubeIDE_1.16.1\STM32CubeIDE\plugins\com.st.stm32cube.common.mx_6.12.1.202409122256\\db\/mcu/
2024-11-04 13:16:39,981 [INFO] ApiDb:274 - Set plugin database path to: C:\ST\STM32CubeIDE_1.16.1\STM32CubeIDE\plugins\com.st.stm32cube.common.mx_6.12.1.202409122256\\db\/plugins/boardmanager/
2024-11-04 13:16:39,981 [INFO] ApiDb:261 - Set plugin images path to: C:\ST\STM32CubeIDE_1.16.1\STM32CubeIDE\plugins\com.st.stm32cube.common.mx_6.12.1.202409122256\\db\/plugins/mcufinder/images/
2024-11-04 13:16:39,982 [WARN] DbFile:41 - Overriding database path with different value: C:\Users\C837269287\.stmcufinder\plugins\mcufinder/ => C:\Users\C837269287\.stmcufinder\plugins\mcufinder
2024-11-04 13:16:39,982 [INFO] ApiDb:250 - Set database path to: C:\Users\C837269287\.stmcufinder\plugins\mcufinder//mcu/
2024-11-04 13:16:39,982 [WARN] DbFile:41 - Overriding database path with different value: C:\Users\C837269287\.stmcufinder\plugins\mcufinder/ => C:\Users\C837269287\.stmcufinder\plugins\mcufinder
2024-11-04 13:16:39,982 [INFO] DbMcusAds:125 - Set database path to: C:\Users\C837269287\.stmcufinder\plugins\mcufinder//mcu/
2024-11-04 13:16:39,982 [WARN] DbFile:41 - Overriding database path with different value: C:\Users\C837269287\.stmcufinder\plugins\mcufinder/ => C:\Users\C837269287\.stmcufinder\plugins\mcufinder
2024-11-04 13:16:39,982 [WARN] DbFile:41 - Overriding database path with different value: C:\Users\C837269287\.stmcufinder\plugins\mcufinder/ => C:\Users\C837269287\.stmcufinder\plugins\mcufinder
2024-11-04 13:16:39,982 [INFO] CrossReferenceDbSqlite:203 - Set database path to: C:\Users\C837269287\.stmcufinder\plugins\mcufinder//mcu/cs/
2024-11-04 13:16:40,027 [INFO] MainPanel:268 - HeapMemory: 268435456
2024-11-04 13:16:40,097 [INFO] DbMcusXml:78 - Set database path to: C:\ST\STM32CubeIDE_1.16.1\STM32CubeIDE\plugins\com.st.stm32cube.common.mx_6.12.1.202409122256\\db\/mcu/
2024-11-04 13:16:40,097 [INFO] ApiDb:274 - Set plugin database path to: C:\ST\STM32CubeIDE_1.16.1\STM32CubeIDE\plugins\com.st.stm32cube.common.mx_6.12.1.202409122256\\db\/plugins/boardmanager/
2024-11-04 13:16:40,097 [INFO] ApiDb:261 - Set plugin images path to: C:\ST\STM32CubeIDE_1.16.1\STM32CubeIDE\plugins\com.st.stm32cube.common.mx_6.12.1.202409122256\\db\/plugins/mcufinder/images/
2024-11-04 13:16:40,097 [WARN] DbFile:41 - Overriding database path with different value: C:\Users\C837269287\.stmcufinder\plugins\mcufinder/ => C:\Users\C837269287\.stmcufinder\plugins\mcufinder
2024-11-04 13:16:40,097 [INFO] ApiDb:250 - Set database path to: C:\Users\C837269287\.stmcufinder\plugins\mcufinder//mcu/
2024-11-04 13:16:40,097 [WARN] DbFile:41 - Overriding database path with different value: C:\Users\C837269287\.stmcufinder\plugins\mcufinder/ => C:\Users\C837269287\.stmcufinder\plugins\mcufinder
2024-11-04 13:16:40,097 [INFO] DbMcusAds:125 - Set database path to: C:\Users\C837269287\.stmcufinder\plugins\mcufinder//mcu/
2024-11-04 13:16:40,097 [WARN] DbFile:41 - Overriding database path with different value: C:\Users\C837269287\.stmcufinder\plugins\mcufinder/ => C:\Users\C837269287\.stmcufinder\plugins\mcufinder
2024-11-04 13:16:40,097 [WARN] DbFile:41 - Overriding database path with different value: C:\Users\C837269287\.stmcufinder\plugins\mcufinder/ => C:\Users\C837269287\.stmcufinder\plugins\mcufinder
2024-11-04 13:16:40,097 [INFO] CrossReferenceDbSqlite:203 - Set database path to: C:\Users\C837269287\.stmcufinder\plugins\mcufinder//mcu/cs/
2024-11-04 13:16:40,107 [INFO] ApplicationProperties:184 - Using Application install path: C:\ST\STM32CubeIDE_1.16.1\STM32CubeIDE\plugins\com.st.stm32cube.common.mx_6.12.1.202409122256
2024-11-04 13:16:40,108 [INFO] PluginManage:196 - Search for loadable plugins [exclusion list=, ]
2024-11-04 13:16:40,108 [INFO] PluginManage:310 - Check plugin analytics
2024-11-04 13:16:40,201 [INFO] AnalyticsPlugin:253 - Accepted Software Licenses: 
2024-11-04 13:16:40,201 [INFO] AnalyticsPlugin:255 - Accepted CMSIS Pack Licenses: 
2024-11-04 13:16:40,201 [INFO] AnalyticsPlugin:257 - Accepted Firmware Licenses: FW.H7RS.1.1.0
2024-11-04 13:16:40,202 [INFO] PluginManage:359 - Loaded plugin analytics (category:tool,tabindex:-1)
2024-11-04 13:16:40,202 [INFO] PluginManage:310 - Check plugin cadmodel
2024-11-04 13:16:40,214 [INFO] CADModel:105 - Init CAD model plugin
2024-11-04 13:16:40,215 [INFO] PluginManage:359 - Loaded plugin cadmodel (category:power,tabindex:5)
2024-11-04 13:16:40,215 [INFO] PluginManage:310 - Check plugin clock
2024-11-04 13:16:40,227 [INFO] PluginManage:359 - Loaded plugin clock (category:base,tabindex:2)
2024-11-04 13:16:40,227 [INFO] PluginManage:310 - Check plugin ddr
2024-11-04 13:16:40,228 [INFO] PluginManage:359 - Loaded plugin ddr (category:tool,tabindex:6)
2024-11-04 13:16:40,228 [INFO] PluginManage:310 - Check plugin filemanager
2024-11-04 13:16:40,312 [INFO] PluginManage:359 - Loaded plugin filemanager (category:base,tabindex:10)
2024-11-04 13:16:40,312 [INFO] PluginManage:310 - Check plugin ipmanager
2024-11-04 13:16:40,317 [INFO] PluginManage:359 - Loaded plugin ipmanager (category:base,tabindex:5)
2024-11-04 13:16:40,317 [INFO] PluginManage:310 - Check plugin lpbam
2024-11-04 13:16:40,329 [INFO] PluginManage:359 - Loaded plugin lpbam (category:base,tabindex:0)
2024-11-04 13:16:40,329 [INFO] PluginManage:310 - Check plugin memorymap
2024-11-04 13:16:40,344 [INFO] PluginManage:359 - Loaded plugin memorymap (category:base,tabindex:4)
2024-11-04 13:16:40,344 [INFO] PluginManage:310 - Check plugin pinoutandconfiguration
2024-11-04 13:16:40,355 [INFO] PluginManage:359 - Loaded plugin pinoutandconfiguration (category:base,tabindex:1)
2024-11-04 13:16:40,355 [INFO] PluginManage:310 - Check plugin pinoutconfig
2024-11-04 13:16:40,410 [WARN] SupportedApi:132 - Cannot load RTOS API schema: s4s-elt-must-match.1: The content of 'definitions' must match (annotation?, (simpleType | complexType)?, (unique | key | keyref)*)). A problem was found starting at: attribute.
2024-11-04 13:16:40,491 [INFO] PluginManage:359 - Loaded plugin pinoutconfig (category:base,tabindex:0)
2024-11-04 13:16:40,491 [INFO] PluginManage:310 - Check plugin power
2024-11-04 13:16:40,505 [INFO] PluginManage:359 - Loaded plugin power (category:power,tabindex:4)
2024-11-04 13:16:40,505 [INFO] PluginManage:310 - Check plugin projectmanager
2024-11-04 13:16:40,512 [INFO] PluginManage:359 - Loaded plugin projectmanager (category:projectmanager,tabindex:4)
2024-11-04 13:16:40,513 [INFO] PluginManage:310 - Check plugin rif
2024-11-04 13:16:40,523 [INFO] PluginManage:359 - Loaded plugin rif (category:base,tabindex:3)
2024-11-04 13:16:40,523 [INFO] PluginManage:310 - Check plugin thirdparty
2024-11-04 13:16:40,709 [INFO] PluginManage:359 - Loaded plugin thirdparty (category:base,tabindex:-1)
2024-11-04 13:16:40,709 [WARN] IntegrityCheckThread:84 - waiting for thirdparty lock release [integrity check]
2024-11-04 13:16:40,709 [INFO] PluginManage:310 - Check plugin tools
2024-11-04 13:16:40,709 [INFO] IntegrityCheckThread:86 - entering critical section [integrity check]
2024-11-04 13:16:40,709 [INFO] ThirdPartyUpdaterWithRetryManager:70 - Updater plugin not ready yet. [1/15]
2024-11-04 13:16:40,729 [INFO] PluginManage:359 - Loaded plugin tools (category:base,tabindex:7)
2024-11-04 13:16:40,729 [INFO] PluginManage:310 - Check plugin tutovideos
2024-11-04 13:16:40,842 [INFO] PluginManage:359 - Loaded plugin tutovideos (category:base,tabindex:-1)
2024-11-04 13:16:40,842 [INFO] PluginManage:310 - Check plugin updater
2024-11-04 13:16:40,852 [INFO] PluginManage:359 - Loaded plugin updater (category:base,tabindex:12)
2024-11-04 13:16:40,852 [INFO] PluginManage:310 - Check plugin userauth
2024-11-04 13:16:40,857 [INFO] UserAuth:113 - Init User Auth plugin
2024-11-04 13:16:40,857 [INFO] PluginManage:359 - Loaded plugin userauth (category:base,tabindex:14)
2024-11-04 13:16:40,857 [INFO] PluginManage:283 - PluginManage : Loaded plugins [18]
2024-11-04 13:16:40,970 [INFO] PinOutPanel:1561 - setPackage(No Configuration,No Configuration)
2024-11-04 13:16:41,018 [INFO] CADModel:165 - CPN selected for project level
2024-11-04 13:16:41,018 [INFO] CADModel:114 - Register for checkConnection events
2024-11-04 13:16:41,034 [INFO] IPUIPlugin:80 - create IPUIPlugin
2024-11-04 13:16:41,034 [INFO] PluginManager:220 - loadIPPluginJar : add adc
2024-11-04 13:16:41,055 [INFO] IPUIPlugin:80 - create IPUIPlugin
2024-11-04 13:16:41,055 [INFO] PluginManager:220 - loadIPPluginJar : add aes
2024-11-04 13:16:41,077 [INFO] IPUIPlugin:80 - create IPUIPlugin
2024-11-04 13:16:41,077 [INFO] PluginManager:220 - loadIPPluginJar : add can
2024-11-04 13:16:41,090 [INFO] IPUIPlugin:80 - create IPUIPlugin
2024-11-04 13:16:41,090 [INFO] PluginManager:220 - loadIPPluginJar : add comp
2024-11-04 13:16:41,108 [INFO] IPUIPlugin:80 - create IPUIPlugin
2024-11-04 13:16:41,108 [INFO] PluginManager:220 - loadIPPluginJar : add cryp
2024-11-04 13:16:41,115 [INFO] IPUIPlugin:80 - create IPUIPlugin
2024-11-04 13:16:41,115 [INFO] PluginManager:220 - loadIPPluginJar : add ddr_ctrl_phy
2024-11-04 13:16:41,130 [INFO] IPUIPlugin:80 - create IPUIPlugin
2024-11-04 13:16:41,131 [INFO] PluginManager:220 - loadIPPluginJar : add dfsdm
2024-11-04 13:16:41,139 [INFO] IPUIPlugin:80 - create IPUIPlugin
2024-11-04 13:16:41,139 [INFO] PluginManager:220 - loadIPPluginJar : add dma
2024-11-04 13:16:41,162 [INFO] IPUIPlugin:80 - create IPUIPlugin
2024-11-04 13:16:41,162 [INFO] PluginManager:220 - loadIPPluginJar : add dma3
2024-11-04 13:16:41,187 [INFO] IPUIPlugin:80 - create IPUIPlugin
2024-11-04 13:16:41,187 [INFO] PluginManager:220 - loadIPPluginJar : add extmemmanager
2024-11-04 13:16:41,199 [INFO] IPUIPlugin:80 - create IPUIPlugin
2024-11-04 13:16:41,199 [INFO] PluginManager:220 - loadIPPluginJar : add fatfs
2024-11-04 13:16:41,225 [INFO] IPUIPlugin:80 - create IPUIPlugin
2024-11-04 13:16:41,225 [INFO] PluginManager:220 - loadIPPluginJar : add fmc
2024-11-04 13:16:41,237 [INFO] IPUIPlugin:80 - create IPUIPlugin
2024-11-04 13:16:41,237 [INFO] PluginManager:220 - loadIPPluginJar : add freertos
2024-11-04 13:16:41,250 [INFO] IPUIPlugin:80 - create IPUIPlugin
2024-11-04 13:16:41,250 [INFO] PluginManager:220 - loadIPPluginJar : add genericplugin
2024-11-04 13:16:41,299 [INFO] IPUIPlugin:80 - create IPUIPlugin
2024-11-04 13:16:41,299 [INFO] PluginManager:220 - loadIPPluginJar : add gfxmmu
2024-11-04 13:16:41,368 [INFO] IPUIPlugin:80 - create IPUIPlugin
2024-11-04 13:16:41,368 [INFO] PluginManager:220 - loadIPPluginJar : add gic
2024-11-04 13:16:41,376 [INFO] IPUIPlugin:80 - create IPUIPlugin
2024-11-04 13:16:41,376 [INFO] PluginManager:220 - loadIPPluginJar : add gpio
2024-11-04 13:16:41,424 [INFO] IPUIPlugin:80 - create IPUIPlugin
2024-11-04 13:16:41,424 [INFO] PluginManager:220 - loadIPPluginJar : add gtzc
2024-11-04 13:16:41,441 [INFO] IPUIPlugin:80 - create IPUIPlugin
2024-11-04 13:16:41,441 [INFO] PluginManager:220 - loadIPPluginJar : add hash
2024-11-04 13:16:41,468 [INFO] IPUIPlugin:80 - create IPUIPlugin
2024-11-04 13:16:41,468 [INFO] PluginManager:220 - loadIPPluginJar : add i2c
2024-11-04 13:16:41,489 [INFO] IPUIPlugin:80 - create IPUIPlugin
2024-11-04 13:16:41,489 [INFO] PluginManager:220 - loadIPPluginJar : add i2s
2024-11-04 13:16:41,511 [INFO] IPUIPlugin:80 - create IPUIPlugin
2024-11-04 13:16:41,511 [INFO] PluginManager:220 - loadIPPluginJar : add i3c
2024-11-04 13:16:41,567 [INFO] IPUIPlugin:80 - create IPUIPlugin
2024-11-04 13:16:41,567 [INFO] PluginManager:220 - loadIPPluginJar : add ipddr
2024-11-04 13:16:41,618 [INFO] IPUIPlugin:80 - create IPUIPlugin
2024-11-04 13:16:41,619 [INFO] PluginManager:220 - loadIPPluginJar : add linkedlist
2024-11-04 13:16:41,641 [INFO] IPUIPlugin:80 - create IPUIPlugin
2024-11-04 13:16:41,641 [INFO] PluginManager:220 - loadIPPluginJar : add lorawan
2024-11-04 13:16:41,662 [INFO] IPUIPlugin:80 - create IPUIPlugin
2024-11-04 13:16:41,662 [INFO] PluginManager:220 - loadIPPluginJar : add ltdc
2024-11-04 13:16:41,671 [INFO] IPUIPlugin:80 - create IPUIPlugin
2024-11-04 13:16:41,671 [INFO] PluginManager:220 - loadIPPluginJar : add mdma
2024-11-04 13:16:41,679 [INFO] IPUIPlugin:80 - create IPUIPlugin
2024-11-04 13:16:41,679 [INFO] PluginManager:220 - loadIPPluginJar : add nvic
2024-11-04 13:16:41,699 [INFO] IPUIPlugin:80 - create IPUIPlugin
2024-11-04 13:16:41,699 [INFO] PluginManager:220 - loadIPPluginJar : add opamp
2024-11-04 13:16:41,731 [INFO] IPUIPlugin:80 - create IPUIPlugin
2024-11-04 13:16:41,731 [INFO] PluginManager:220 - loadIPPluginJar : add openamp
2024-11-04 13:16:41,755 [INFO] IPUIPlugin:80 - create IPUIPlugin
2024-11-04 13:16:41,755 [INFO] PluginManager:220 - loadIPPluginJar : add pdm2pcm
2024-11-04 13:16:41,763 [INFO] IPUIPlugin:80 - create IPUIPlugin
2024-11-04 13:16:41,764 [INFO] PluginManager:220 - loadIPPluginJar : add plateformsettings
2024-11-04 13:16:41,777 [INFO] IPUIPlugin:80 - create IPUIPlugin
2024-11-04 13:16:41,777 [INFO] PluginManager:220 - loadIPPluginJar : add quadspi
2024-11-04 13:16:41,792 [INFO] IPUIPlugin:80 - create IPUIPlugin
2024-11-04 13:16:41,792 [INFO] PluginManager:220 - loadIPPluginJar : add radio
2024-11-04 13:16:41,800 [INFO] IPUIPlugin:80 - create IPUIPlugin
2024-11-04 13:16:41,800 [INFO] PluginManager:220 - loadIPPluginJar : add resmgrutility
2024-11-04 13:16:41,826 [INFO] IPUIPlugin:80 - create IPUIPlugin
2024-11-04 13:16:41,826 [INFO] PluginManager:220 - loadIPPluginJar : add sai
2024-11-04 13:16:41,846 [INFO] IPUIPlugin:80 - create IPUIPlugin
2024-11-04 13:16:41,846 [INFO] PluginManager:220 - loadIPPluginJar : add spi
2024-11-04 13:16:41,883 [INFO] IPUIPlugin:80 - create IPUIPlugin
2024-11-04 13:16:41,883 [INFO] PluginManager:220 - loadIPPluginJar : add stm32_wpan
2024-11-04 13:16:41,899 [INFO] IPUIPlugin:80 - create IPUIPlugin
2024-11-04 13:16:41,899 [INFO] PluginManager:220 - loadIPPluginJar : add tim
2024-11-04 13:16:41,932 [INFO] IPUIPlugin:80 - create IPUIPlugin
2024-11-04 13:16:41,932 [INFO] PluginManager:220 - loadIPPluginJar : add touchsensing
2024-11-04 13:16:41,946 [INFO] IPUIPlugin:80 - create IPUIPlugin
2024-11-04 13:16:41,946 [INFO] PluginManager:220 - loadIPPluginJar : add tracer_emb
2024-11-04 13:16:41,961 [INFO] IPUIPlugin:80 - create IPUIPlugin
2024-11-04 13:16:41,961 [INFO] PluginManager:220 - loadIPPluginJar : add ts
2024-11-04 13:16:41,974 [INFO] IPUIPlugin:80 - create IPUIPlugin
2024-11-04 13:16:41,974 [INFO] PluginManager:220 - loadIPPluginJar : add tsc
2024-11-04 13:16:41,986 [INFO] IPUIPlugin:80 - create IPUIPlugin
2024-11-04 13:16:41,987 [INFO] PluginManager:220 - loadIPPluginJar : add ucpd
2024-11-04 13:16:42,010 [INFO] IPUIPlugin:80 - create IPUIPlugin
2024-11-04 13:16:42,010 [INFO] PluginManager:220 - loadIPPluginJar : add usart
2024-11-04 13:16:42,034 [INFO] IPUIPlugin:80 - create IPUIPlugin
2024-11-04 13:16:42,034 [INFO] PluginManager:220 - loadIPPluginJar : add usbx
2024-11-04 13:16:42,133 [INFO] CADModel:165 - CPN selected for project level
2024-11-04 13:16:42,133 [INFO] CADModel:114 - Register for checkConnection events
2024-11-04 13:16:42,133 [FATAL] Updater:334 - Updater called before beeing initialized
2024-11-04 13:16:42,133 [ERROR] CADModel:125 - Updater not yet initialized, retry later 
2024-11-04 13:16:42,200 [INFO] CADModel:165 - CPN selected for project level
2024-11-04 13:16:42,200 [INFO] CADModel:114 - Register for checkConnection events
2024-11-04 13:16:42,200 [FATAL] Updater:334 - Updater called before beeing initialized
2024-11-04 13:16:42,200 [ERROR] CADModel:125 - Updater not yet initialized, retry later 
2024-11-04 13:16:42,202 [FATAL] Updater:334 - Updater called before beeing initialized
2024-11-04 13:16:42,265 [FATAL] Updater:334 - Updater called before beeing initialized
2024-11-04 13:16:42,274 [INFO] DbMcusAds:53 - JSON generation date=Fri Sep 20 07:04:38 MDT 2024 (1726837478367)
2024-11-04 13:16:42,274 [FATAL] Updater:334 - Updater called before beeing initialized
2024-11-04 13:16:42,301 [WARN] DetailPanel:346 - Failed to get advertising image, set to default
2024-11-04 13:16:42,363 [FATAL] Updater:334 - Updater called before beeing initialized
2024-11-04 13:16:42,364 [FATAL] Updater:334 - Updater called before beeing initialized
2024-11-04 13:16:42,365 [FATAL] Updater:334 - Updater called before beeing initialized
2024-11-04 13:16:42,365 [WARN] DetailPanel:346 - Failed to get advertising image, set to default
2024-11-04 13:16:42,370 [FATAL] Updater:334 - Updater called before beeing initialized
2024-11-04 13:16:42,408 [ERROR] Updater:1164 - MainUpdater not yet initialized. External WinMGr cannot be set.
2024-11-04 13:16:42,417 [INFO] Updater:1100 - Updater Version found : 6.12.1
2024-11-04 13:16:42,428 [INFO] ApplicationProperties:184 - Using Application install path: C:\ST\STM32CubeIDE_1.16.1\STM32CubeIDE\plugins\com.st.stm32cube.common.mx_6.12.1.202409122256
2024-11-04 13:16:43,712 [INFO] ThirdPartyUpdaterWithRetryManager:70 - Updater plugin not ready yet. [2/15]
2024-11-04 13:16:44,005 [ERROR] LogOutputStream:75 - [STDERR_REDIRECT] Nov 04, 2024 1:16:44 PM java.util.prefs.WindowsPreferences <init>
2024-11-04 13:16:44,006 [ERROR] LogOutputStream:75 - [STDERR_REDIRECT] WARNING: Could not open/create prefs root node Software\JavaSoft\Prefs at root 0xffffffff80000002. Windows RegCreateKeyEx(...) returned error code 5.
2024-11-04 13:16:44,006 [ERROR] LogOutputStream:75 - [STDERR_REDIRECT] 
2024-11-04 13:16:44,216 [INFO] MainUpdater:2873 - connection check result : 10
2024-11-04 13:16:44,216 [INFO] MainUpdater:290 - Updater Check For Update Now.
2024-11-04 13:16:44,216 [INFO] MicroXplorer:498 - Change Database Version : DB.6.0.121
2024-11-04 13:16:44,228 [INFO] McuFinderGlobals:63 - Set McuFinder mode to 2 (CubeIDE integrated)
2024-11-04 13:16:44,233 [INFO] UserAuth:417 - Internet connection configuration mode: 1
2024-11-04 13:16:44,263 [INFO] JxBrowserEngine:152 - Initiate JxBrowser Engine with user profile folder
2024-11-04 13:16:44,398 [INFO] CheckServerUpdateThread:120 - End of CheckServer Thread
2024-11-04 13:16:46,805 [WARN] PackLoader:240 - Cannot read IP mode file for STMicroelectronics.FP-SNS-MOTENVWB1.1.4.0
2024-11-04 13:16:46,816 [WARN] PackLoader:240 - Cannot read IP mode file for STMicroelectronics.X-CUBE-SMBUS.2.1.0
2024-11-04 13:16:46,826 [WARN] PackLoader:240 - Cannot read IP mode file for STMicroelectronics.X-CUBE-WB05N.1.1.0
2024-11-04 13:16:46,847 [WARN] PackLoader:240 - Cannot read IP mode file for STMicroelectronics.X-CUBE-AZRTOS-F7.1.1.0
2024-11-04 13:16:46,884 [WARN] PackLoader:240 - Cannot read IP mode file for STMicroelectronics.X-CUBE-MEMS1.11.0.0
2024-11-04 13:16:46,950 [WARN] PackLoader:240 - Cannot read IP mode file for STMicroelectronics.FP-SNS-FLIGHT1.5.0.2
2024-11-04 13:16:46,961 [WARN] PackLoader:240 - Cannot read IP mode file for STMicroelectronics.X-CUBE-DISPLAY.3.0.0
2024-11-04 13:16:46,972 [WARN] PackLoader:240 - Cannot read IP mode file for STMicroelectronics.X-CUBE-BLE1.7.0.0
2024-11-04 13:16:46,982 [WARN] PackLoader:240 - Cannot read IP mode file for STMicroelectronics.X-CUBE-NFC10.1.0.0
2024-11-04 13:16:46,993 [WARN] PackLoader:240 - Cannot read IP mode file for emotas.I-CUBE-CANOPEN.1.3.0
2024-11-04 13:16:47,005 [WARN] PackLoader:240 - Cannot read IP mode file for STMicroelectronics.X-CUBE-BLEMGR.3.1.0
2024-11-04 13:16:47,015 [WARN] PackLoader:240 - Cannot read IP mode file for STMicroelectronics.FP-SNS-SMARTAG2.1.2.0
2024-11-04 13:16:47,028 [INFO] LogOutputStream:77 - [STDOUT_REDIRECT] 1 : Invalid condition id : UX_CORESTACK_Condition cause : null
2024-11-04 13:16:47,028 [INFO] LogOutputStream:77 - [STDOUT_REDIRECT] 1 : Invalid condition id : UX_CORESTACK_Condition cause : null
2024-11-04 13:16:47,029 [INFO] LogOutputStream:77 - [STDOUT_REDIRECT] 1 : Invalid condition id : UX_CORESTACK_Condition cause : null
2024-11-04 13:16:47,029 [INFO] LogOutputStream:77 - [STDOUT_REDIRECT] 1 : Invalid condition id : UX_CORESTACK_Condition cause : null
2024-11-04 13:16:47,030 [INFO] LogOutputStream:77 - [STDOUT_REDIRECT] 1 : Invalid condition id : UX_CORESTACK_Condition cause : null
2024-11-04 13:16:47,031 [WARN] PackLoader:240 - Cannot read IP mode file for STMicroelectronics.X-CUBE-AZRTOS-WL.2.0.0
2024-11-04 13:16:47,042 [WARN] PackLoader:240 - Cannot read IP mode file for STMicroelectronics.FP-SNS-MOTENV1.5.0.0
2024-11-04 13:16:47,052 [WARN] PackLoader:240 - Cannot read IP mode file for wolfSSL.I-CUBE-wolfMQTT.1.19.0
2024-11-04 13:16:47,064 [WARN] PackLoader:240 - Cannot read IP mode file for WES.I-CUBE-Cesium.1.3.0
2024-11-04 13:16:47,087 [WARN] PackLoader:240 - Cannot read IP mode file for STMicroelectronics.X-CUBE-BLE2.3.3.0
2024-11-04 13:16:47,106 [WARN] PackLoader:240 - Cannot read IP mode file for STMicroelectronics.X-CUBE-NFC9.1.0.0
2024-11-04 13:16:47,144 [WARN] PackLoader:240 - Cannot read IP mode file for STMicroelectronics.X-CUBE-TCPP.4.1.0
2024-11-04 13:16:47,186 [WARN] PackLoader:240 - Cannot read IP mode file for STMicroelectronics.X-CUBE-AZRTOS-G0.1.1.0
2024-11-04 13:16:47,201 [WARN] PackLoader:240 - Cannot read IP mode file for STMicroelectronics.X-CUBE-SAFEA1.1.2.2
2024-11-04 13:16:47,215 [WARN] PackLoader:240 - Cannot read IP mode file for STMicroelectronics.X-CUBE-NFC4.3.0.0
2024-11-04 13:16:47,229 [WARN] PackLoader:240 - Cannot read IP mode file for EmbeddedOffice.I-CUBE-FS-RTOS.1.0.1
2024-11-04 13:16:47,229 [ERROR] ConditionMgr:805 - Attr not supported : Dmpu
2024-11-04 13:16:47,229 [ERROR] ConditionMgr:805 - Attr not supported : Dmpu
2024-11-04 13:16:47,229 [ERROR] ConditionMgr:805 - Attr not supported : Dmpu
2024-11-04 13:16:47,229 [ERROR] ConditionMgr:805 - Attr not supported : Dmpu
2024-11-04 13:16:47,229 [ERROR] ConditionMgr:805 - Attr not supported : Dmpu
2024-11-04 13:16:47,229 [ERROR] ConditionMgr:805 - Attr not supported : Dmpu
2024-11-04 13:16:47,229 [ERROR] ConditionMgr:805 - Attr not supported : Dmpu
2024-11-04 13:16:47,229 [ERROR] ConditionMgr:805 - Attr not supported : Dmpu
2024-11-04 13:16:47,229 [ERROR] ConditionMgr:805 - Attr not supported : Dmpu
2024-11-04 13:16:47,230 [ERROR] ConditionMgr:805 - Attr not supported : Dmpu
2024-11-04 13:16:47,230 [ERROR] ConditionMgr:805 - Attr not supported : Dmpu
2024-11-04 13:16:47,230 [ERROR] ConditionMgr:805 - Attr not supported : Dmpu
2024-11-04 13:16:47,230 [ERROR] ConditionMgr:805 - Attr not supported : Dmpu
2024-11-04 13:16:47,230 [ERROR] ConditionMgr:805 - Attr not supported : Dmpu
2024-11-04 13:16:47,230 [ERROR] ConditionMgr:805 - Attr not supported : Dmpu
2024-11-04 13:16:47,230 [ERROR] ConditionMgr:805 - Attr not supported : Dmpu
2024-11-04 13:16:47,230 [ERROR] ConditionMgr:805 - Attr not supported : Dmpu
2024-11-04 13:16:47,230 [ERROR] ConditionMgr:805 - Attr not supported : Dmpu
2024-11-04 13:16:47,230 [ERROR] ConditionMgr:805 - Attr not supported : Dmpu
2024-11-04 13:16:47,230 [ERROR] ConditionMgr:805 - Attr not supported : Dmpu
2024-11-04 13:16:47,230 [ERROR] ConditionMgr:805 - Attr not supported : Dmpu
2024-11-04 13:16:47,230 [ERROR] ConditionMgr:805 - Attr not supported : Dmpu
2024-11-04 13:16:47,230 [ERROR] ConditionMgr:805 - Attr not supported : Dmpu
2024-11-04 13:16:47,230 [ERROR] ConditionMgr:805 - Attr not supported : Dmpu
2024-11-04 13:16:47,230 [ERROR] ConditionMgr:805 - Attr not supported : Dmpu
2024-11-04 13:16:47,230 [ERROR] ConditionMgr:805 - Attr not supported : Dmpu
2024-11-04 13:16:47,230 [ERROR] ConditionMgr:805 - Attr not supported : Dmpu
2024-11-04 13:16:47,230 [ERROR] ConditionMgr:805 - Attr not supported : Dmpu
2024-11-04 13:16:47,230 [ERROR] ConditionMgr:805 - Attr not supported : Dmpu
2024-11-04 13:16:47,230 [ERROR] ConditionMgr:805 - Attr not supported : Dmpu
2024-11-04 13:16:47,230 [ERROR] ConditionMgr:805 - Attr not supported : Dmpu
2024-11-04 13:16:47,230 [ERROR] ConditionMgr:805 - Attr not supported : Dmpu
2024-11-04 13:16:47,230 [ERROR] ConditionMgr:805 - Attr not supported : Dmpu
2024-11-04 13:16:47,230 [ERROR] ConditionMgr:805 - Attr not supported : Dmpu
2024-11-04 13:16:47,230 [ERROR] ConditionMgr:805 - Attr not supported : Dmpu
2024-11-04 13:16:47,230 [ERROR] ConditionMgr:805 - Attr not supported : Dmpu
2024-11-04 13:16:47,230 [ERROR] ConditionMgr:805 - Attr not supported : Dmpu
2024-11-04 13:16:47,230 [ERROR] ConditionMgr:805 - Attr not supported : Dmpu
2024-11-04 13:16:47,230 [ERROR] ConditionMgr:805 - Attr not supported : Dmpu
2024-11-04 13:16:47,230 [ERROR] ConditionMgr:805 - Attr not supported : Dmpu
2024-11-04 13:16:47,230 [ERROR] ConditionMgr:805 - Attr not supported : Dmpu
2024-11-04 13:16:47,230 [ERROR] ConditionMgr:805 - Attr not supported : Dmpu
2024-11-04 13:16:47,230 [ERROR] ConditionMgr:805 - Attr not supported : Dmpu
2024-11-04 13:16:47,230 [ERROR] ConditionMgr:805 - Attr not supported : Dmpu
2024-11-04 13:16:47,230 [ERROR] ConditionMgr:805 - Attr not supported : Dmpu
2024-11-04 13:16:47,230 [ERROR] ConditionMgr:805 - Attr not supported : Dmpu
2024-11-04 13:16:47,231 [ERROR] ConditionMgr:805 - Attr not supported : Dmpu
2024-11-04 13:16:47,231 [ERROR] ConditionMgr:805 - Attr not supported : Dmpu
2024-11-04 13:16:47,231 [ERROR] ConditionMgr:805 - Attr not supported : Dmpu
2024-11-04 13:16:47,231 [ERROR] ConditionMgr:805 - Attr not supported : Dmpu
2024-11-04 13:16:47,231 [ERROR] ConditionMgr:805 - Attr not supported : Dmpu
2024-11-04 13:16:47,231 [ERROR] ConditionMgr:805 - Attr not supported : Dmpu
2024-11-04 13:16:47,231 [ERROR] ConditionMgr:805 - Attr not supported : Dmpu
2024-11-04 13:16:47,231 [ERROR] ConditionMgr:805 - Attr not supported : Dmpu
2024-11-04 13:16:47,231 [ERROR] ConditionMgr:805 - Attr not supported : Dmpu
2024-11-04 13:16:47,231 [ERROR] ConditionMgr:805 - Attr not supported : Dmpu
2024-11-04 13:16:47,231 [ERROR] ConditionMgr:805 - Attr not supported : Dmpu
2024-11-04 13:16:47,231 [ERROR] ConditionMgr:805 - Attr not supported : Dmpu
2024-11-04 13:16:47,231 [ERROR] ConditionMgr:805 - Attr not supported : Dmpu
2024-11-04 13:16:47,231 [ERROR] ConditionMgr:805 - Attr not supported : Dmpu
2024-11-04 13:16:47,231 [ERROR] ConditionMgr:805 - Attr not supported : Dmpu
2024-11-04 13:16:47,231 [ERROR] ConditionMgr:805 - Attr not supported : Dmpu
2024-11-04 13:16:47,231 [ERROR] ConditionMgr:805 - Attr not supported : Dmpu
2024-11-04 13:16:47,231 [ERROR] ConditionMgr:805 - Attr not supported : Dmpu
2024-11-04 13:16:47,241 [WARN] PackLoader:240 - Cannot read IP mode file for RealThread.X-CUBE-RT-Thread_Nano.4.1.1
2024-11-04 13:16:47,251 [WARN] PackLoader:240 - Cannot read IP mode file for STMicroelectronics.FP-ATR-SIGFOX1.3.2.0
2024-11-04 13:16:47,262 [WARN] PackLoader:240 - Cannot read IP mode file for STMicroelectronics.X-CUBE-EEPRMA1.5.1.0
2024-11-04 13:16:47,274 [WARN] PackLoader:240 - Cannot read IP mode file for wolfSSL.I-CUBE-wolfSSL.5.7.4
2024-11-04 13:16:47,286 [WARN] PackLoader:240 - Cannot read IP mode file for ITTIA_DB.I-CUBE-ITTIADB.8.9.0
2024-11-04 13:16:47,317 [WARN] PackLoader:240 - Cannot read IP mode file for SEGGER.I-CUBE-embOS.1.3.1
2024-11-04 13:16:47,346 [WARN] PackLoader:240 - Cannot read IP mode file for STMicroelectronics.X-CUBE-ALGOBUILD.1.4.0
2024-11-04 13:16:47,359 [WARN] PackLoader:240 - Cannot read IP mode file for STMicroelectronics.X-CUBE-AI.9.1.0
2024-11-04 13:16:47,376 [WARN] PackLoader:240 - Cannot read IP mode file for STMicroelectronics.X-CUBE-AZRTOS-F4.1.1.0
2024-11-04 13:16:47,390 [WARN] PackLoader:240 - Cannot read IP mode file for STMicroelectronics.X-CUBE-ISPU.2.1.0
2024-11-04 13:16:47,408 [WARN] PackLoader:240 - Cannot read IP mode file for STMicroelectronics.X-CUBE-FREERTOS.1.2.0
2024-11-04 13:16:47,427 [WARN] PackLoader:240 - Cannot read IP mode file for STMicroelectronics.X-CUBE-AZRTOS-L5.2.0.0
2024-11-04 13:16:47,438 [WARN] PackLoader:240 - Cannot read IP mode file for STMicroelectronics.X-CUBE-NFC6.3.1.0
2024-11-04 13:16:47,450 [WARN] PackLoader:240 - Cannot read IP mode file for STMicroelectronics.X-CUBE-DPower.1.2.0
2024-11-04 13:16:47,462 [WARN] PackLoader:240 - Cannot read IP mode file for STMicroelectronics.X-CUBE-NFC7.1.0.1
2024-11-04 13:16:47,479 [WARN] ConditionMgr:438 - getConditionDescription Invalid condition id : LAN8742 Phy interface Condition cause : null
2024-11-04 13:16:47,479 [WARN] PackLoader:240 - Cannot read IP mode file for STMicroelectronics.X-CUBE-AZRTOS-L4.2.0.0
2024-11-04 13:16:47,480 [WARN] ConditionMgr:1039 - genDependencies : Invalid condition id : LAN8742 Phy interface Condition cause : null
2024-11-04 13:16:47,480 [WARN] ConditionMgr:1039 - genDependencies : Invalid condition id : LAN8742 Phy interface Condition cause : null
2024-11-04 13:16:47,480 [WARN] ConditionMgr:1039 - genDependencies : Invalid condition id : LAN8742 Phy interface Condition cause : null
2024-11-04 13:16:47,490 [WARN] PackLoader:240 - Cannot read IP mode file for STMicroelectronics.X-CUBE-SFXS2LP1.4.0.0
2024-11-04 13:16:47,506 [WARN] PackLoader:240 - Cannot read IP mode file for STMicroelectronics.X-CUBE-AZRTOS-H7.3.3.0
2024-11-04 13:16:47,517 [WARN] PackLoader:240 - Cannot read IP mode file for STMicroelectronics.X-CUBE-IPS.3.0.0
2024-11-04 13:16:47,531 [WARN] ConditionMgr:438 - getConditionDescription Invalid condition id : UX DEVICE CLASS RTOS Condition cause : null
2024-11-04 13:16:47,531 [WARN] ConditionMgr:438 - getConditionDescription Invalid condition id : UX DEVICE CLASS RTOS Condition cause : null
2024-11-04 13:16:47,531 [WARN] PackLoader:240 - Cannot read IP mode file for STMicroelectronics.X-CUBE-AZRTOS-WB.2.0.0
2024-11-04 13:16:47,532 [WARN] ConditionMgr:1039 - genDependencies : Invalid condition id : UX DEVICE CLASS RTOS Condition cause : null
2024-11-04 13:16:47,532 [WARN] ConditionMgr:1039 - genDependencies : Invalid condition id : UX DEVICE CLASS RTOS Condition cause : null
2024-11-04 13:16:47,532 [WARN] ConditionMgr:1039 - genDependencies : Invalid condition id : UX DEVICE CLASS RTOS Condition cause : null
2024-11-04 13:16:47,532 [WARN] ConditionMgr:1039 - genDependencies : Invalid condition id : UX DEVICE CLASS RTOS Condition cause : null
2024-11-04 13:16:47,532 [WARN] ConditionMgr:1039 - genDependencies : Invalid condition id : UX DEVICE CLASS RTOS Condition cause : null
2024-11-04 13:16:47,541 [WARN] PackLoader:240 - Cannot read IP mode file for STMicroelectronics.X-CUBE-GNSS1.7.0.0
2024-11-04 13:16:47,551 [WARN] PackLoader:240 - Cannot read IP mode file for STMicroelectronics.FP-SNS-STBOX1.2.0.0
2024-11-04 13:16:47,563 [WARN] PackLoader:240 - Cannot read IP mode file for STMicroelectronics.X-CUBE-SUBG2.5.0.0
2024-11-04 13:16:47,573 [WARN] PackLoader:240 - Cannot read IP mode file for Cesanta.I-CUBE-Mongoose.7.13.0
2024-11-04 13:16:47,590 [WARN] PackLoader:240 - Cannot read IP mode file for STMicroelectronics.X-CUBE-AZRTOS-G4.2.0.0
2024-11-04 13:16:47,604 [WARN] PackLoader:240 - Cannot read IP mode file for STMicroelectronics.X-CUBE-ALS.1.0.2
2024-11-04 13:16:47,622 [WARN] PackLoader:240 - Cannot read IP mode file for STMicroelectronics.X-CUBE-TOUCHGFX.4.24.1
2024-11-04 13:16:47,632 [WARN] PackLoader:240 - Cannot read IP mode file for wolfSSL.I-CUBE-wolfTPM.3.4.0
2024-11-04 13:16:47,644 [WARN] PackLoader:240 - Cannot read IP mode file for portGmbH.I-Cube-SoM-uGOAL.1.1.0
2024-11-04 13:16:47,660 [WARN] PackLoader:240 - Cannot read IP mode file for STMicroelectronics.X-CUBE-AZRTOS-H7RS.1.0.0
2024-11-04 13:16:47,671 [WARN] PackLoader:240 - Cannot read IP mode file for STMicroelectronics.FP-ATR-ASTRA1.2.0.0
2024-11-04 13:16:47,684 [WARN] PackLoader:240 - Cannot read IP mode file for STMicroelectronics.X-CUBE-TOF1.3.4.2
2024-11-04 13:16:47,705 [WARN] PackLoader:240 - Cannot read IP mode file for Infineon.AIROC-Wi-Fi-Bluetooth-STM32.1.6.1
2024-11-04 13:16:47,716 [WARN] PackLoader:240 - Cannot read IP mode file for wolfSSL.I-CUBE-wolfSSH.1.4.17
2024-11-04 13:16:47,717 [INFO] ThirdParty:978 - Integrity check success = true
2024-11-04 13:16:47,717 [INFO] IntegrityCheckThread:100 - exiting critical section [integrity check]
2024-11-04 13:16:47,717 [INFO] IntegrityCheckThread:103 - End integrity checks thread
2024-11-04 13:16:47,836 [INFO] WebApp:167 - Instantiating new browser for Auth
2024-11-04 13:16:48,306 [INFO] WebApp:448 - Apply proxy settings
2024-11-04 13:16:48,307 [INFO] WebApp:533 - Chromium requires no authentication
2024-11-04 13:16:48,313 [INFO] WebApp:476 - Direct internet connection detected
2024-11-04 13:16:48,327 [INFO] WebApp:869 - Register for checkConnection events
2024-11-04 13:16:48,327 [INFO] WebApp:448 - Apply proxy settings
2024-11-04 13:16:48,327 [INFO] WebApp:533 - Chromium requires no authentication
2024-11-04 13:16:48,327 [INFO] WebApp:476 - Direct internet connection detected
2024-11-04 13:16:48,445 [INFO] WebApp:220 - Starting web application
2024-11-04 13:16:48,445 [INFO] WebApp:578 - Web application path used C:\ST\STM32CubeIDE_1.16.1\STM32CubeIDE\plugins\com.st.stm32cube.common.mx_6.12.1.202409122256\db\plugins\mcufinder\reactClient1\index.html
2024-11-04 13:16:48,571 [INFO] UserAuth:417 - Internet connection configuration mode: 1
2024-11-04 13:16:48,575 [INFO] WebApp:186 - Connection restablished
